<?xml version="1.0" encoding="utf-8" standalone="no"?>
<test-run id="2" testcasecount="2" result="Passed" total="2" passed="2" failed="0" inconclusive="0" skipped="0" asserts="2" engine-version="3.8.0.0" clr-version="4.0.30319.42000" start-time="2019-01-17 12:26:51Z" end-time="2019-01-17 12:27:02Z" duration="10.693897">
  <command-line><![CDATA["D:\study\MyShows\Runner\nunit\nunit3-console.exe" .\..\..\..\Tests\bin\Debug\Tests.dll ]]></command-line>
  <test-suite type="Assembly" id="0-1003" name="Tests.dll" fullname="Tests.dll" runstate="Runnable" testcasecount="2" result="Passed" start-time="2019-01-17 12:26:52Z" end-time="2019-01-17 12:27:02Z" duration="9.842200" total="2" passed="2" failed="0" warnings="0" inconclusive="0" skipped="0" asserts="2">
    <environment framework-version="3.11.0.0" clr-version="4.0.30319.42000" os-version="Microsoft Windows NT 10.0.16299.0" platform="Win32NT" cwd="D:\study\MyShows\Runner\bin\Debug" machine-name="EPBYGOMW0442" user="Maryna_Yudziankova" user-domain="GOMEL" culture="en-US" uiculture="en-US" os-architecture="x64" />
    <settings>
      <setting name="DisposeRunners" value="True" />
      <setting name="WorkDirectory" value="D:\study\MyShows\Runner\bin\Debug" />
      <setting name="ImageRuntimeVersion" value="4.0.30319" />
      <setting name="ImageTargetFrameworkName" value=".NETFramework,Version=v4.6.1" />
      <setting name="ImageRequiresX86" value="False" />
      <setting name="ImageRequiresDefaultAppDomainAssemblyResolver" value="False" />
      <setting name="NumberOfTestWorkers" value="8" />
    </settings>
    <properties>
      <property name="_PID" value="60556" />
      <property name="_APPDOMAIN" value="domain-" />
    </properties>
    <test-suite type="TestSuite" id="0-1004" name="Framework" fullname="Framework" runstate="Runnable" testcasecount="2" result="Passed" start-time="2019-01-17 12:26:52Z" end-time="2019-01-17 12:27:02Z" duration="9.824253" total="2" passed="2" failed="0" warnings="0" inconclusive="0" skipped="0" asserts="2">
      <test-suite type="TestFixture" id="0-1000" name="Test" fullname="Framework.Test" classname="Framework.Test" runstate="Runnable" testcasecount="2" result="Passed" start-time="2019-01-17 12:26:52Z" end-time="2019-01-17 12:27:02Z" duration="9.817631" total="2" passed="2" failed="0" warnings="0" inconclusive="0" skipped="0" asserts="2">
        <test-case id="0-1001" name="AnErrorMsgIfIncorrectPassLoginTest" fullname="Framework.Test.AnErrorMsgIfIncorrectPassLoginTest" methodname="AnErrorMsgIfIncorrectPassLoginTest" classname="Framework.Test" runstate="Runnable" seed="242688419" result="Passed" start-time="2019-01-17 12:26:52Z" end-time="2019-01-17 12:26:58Z" duration="6.124855" asserts="1" />
        <test-case id="0-1002" name="CorrectLoginTest" fullname="Framework.Test.CorrectLoginTest" methodname="CorrectLoginTest" classname="Framework.Test" runstate="Runnable" seed="2014471581" result="Passed" start-time="2019-01-17 12:26:58Z" end-time="2019-01-17 12:27:02Z" duration="3.470074" asserts="1" />
      </test-suite>
    </test-suite>
  </test-suite>
</test-run>